answer(quoted_percent, "% not a comment").
why(
  answer(quoted_percent, "% not a comment"),
  proof(
    goal(answer(quoted_percent, "% not a comment")),
    by(rule("009_comments_and_whitespace.pl", clause(3))),
    bindings([binding("K", quoted_percent), binding("V", "% not a comment")]),
    uses([
      proof(
        goal(item(quoted_percent, "% not a comment")),
        by(fact("009_comments_and_whitespace.pl", clause(1)))
      )
    ])
  )
).

answer(quoted_atom, 'has % sign').
why(
  answer(quoted_atom, 'has % sign'),
  proof(
    goal(answer(quoted_atom, 'has % sign')),
    by(rule("009_comments_and_whitespace.pl", clause(3))),
    bindings([binding("K", quoted_atom), binding("V", 'has % sign')]),
    uses([
      proof(
        goal(item(quoted_atom, 'has % sign')),
        by(fact("009_comments_and_whitespace.pl", clause(2)))
      )
    ])
  )
).

