answer(atom, name(a, "A")).
why(
  answer(atom, name(a, "A")),
  proof(
    goal(answer(atom, name(a, "A"))),
    by(rule("026_nested_formula_terms.pl", clause(2))),
    bindings([binding("A", name(a, "A")), binding("F", ((name(a, "A"), knows(a, b)), likes(b, c)))]),
    uses([
      proof(
        goal(formula(((name(a, "A"), knows(a, b)), likes(b, c)))),
        by(fact("026_nested_formula_terms.pl", clause(1)))
      ),
      proof(
        goal(formula_atom(((name(a, "A"), knows(a, b)), likes(b, c)), name(a, "A"))),
        by(builtin(formula_atom, 2))
      )
    ])
  )
).

answer(atom, knows(a, b)).
why(
  answer(atom, knows(a, b)),
  proof(
    goal(answer(atom, knows(a, b))),
    by(rule("026_nested_formula_terms.pl", clause(2))),
    bindings([binding("A", knows(a, b)), binding("F", ((name(a, "A"), knows(a, b)), likes(b, c)))]),
    uses([
      proof(
        goal(formula(((name(a, "A"), knows(a, b)), likes(b, c)))),
        by(fact("026_nested_formula_terms.pl", clause(1)))
      ),
      proof(
        goal(formula_atom(((name(a, "A"), knows(a, b)), likes(b, c)), knows(a, b))),
        by(builtin(formula_atom, 2))
      )
    ])
  )
).

answer(atom, likes(b, c)).
why(
  answer(atom, likes(b, c)),
  proof(
    goal(answer(atom, likes(b, c))),
    by(rule("026_nested_formula_terms.pl", clause(2))),
    bindings([binding("A", likes(b, c)), binding("F", ((name(a, "A"), knows(a, b)), likes(b, c)))]),
    uses([
      proof(
        goal(formula(((name(a, "A"), knows(a, b)), likes(b, c)))),
        by(fact("026_nested_formula_terms.pl", clause(1)))
      ),
      proof(
        goal(formula_atom(((name(a, "A"), knows(a, b)), likes(b, c)), likes(b, c))),
        by(builtin(formula_atom, 2))
      )
    ])
  )
).

answer(binary, exposed(a, name, "A")).
why(
  answer(binary, exposed(a, name, "A")),
  proof(
    goal(answer(binary, exposed(a, name, "A"))),
    by(rule("026_nested_formula_terms.pl", clause(3))),
    bindings([binding("S", a), binding("P", name), binding("O", "A"), binding("F", ((name(a, "A"), knows(a, b)), likes(b, c)))]),
    uses([
      proof(
        goal(formula(((name(a, "A"), knows(a, b)), likes(b, c)))),
        by(fact("026_nested_formula_terms.pl", clause(1)))
      ),
      proof(
        goal(formula_binary(((name(a, "A"), knows(a, b)), likes(b, c)), a, name, "A")),
        by(builtin(formula_binary, 4))
      )
    ])
  )
).

answer(binary, exposed(a, knows, b)).
why(
  answer(binary, exposed(a, knows, b)),
  proof(
    goal(answer(binary, exposed(a, knows, b))),
    by(rule("026_nested_formula_terms.pl", clause(3))),
    bindings([binding("S", a), binding("P", knows), binding("O", b), binding("F", ((name(a, "A"), knows(a, b)), likes(b, c)))]),
    uses([
      proof(
        goal(formula(((name(a, "A"), knows(a, b)), likes(b, c)))),
        by(fact("026_nested_formula_terms.pl", clause(1)))
      ),
      proof(
        goal(formula_binary(((name(a, "A"), knows(a, b)), likes(b, c)), a, knows, b)),
        by(builtin(formula_binary, 4))
      )
    ])
  )
).

answer(binary, exposed(b, likes, c)).
why(
  answer(binary, exposed(b, likes, c)),
  proof(
    goal(answer(binary, exposed(b, likes, c))),
    by(rule("026_nested_formula_terms.pl", clause(3))),
    bindings([binding("S", b), binding("P", likes), binding("O", c), binding("F", ((name(a, "A"), knows(a, b)), likes(b, c)))]),
    uses([
      proof(
        goal(formula(((name(a, "A"), knows(a, b)), likes(b, c)))),
        by(fact("026_nested_formula_terms.pl", clause(1)))
      ),
      proof(
        goal(formula_binary(((name(a, "A"), knows(a, b)), likes(b, c)), b, likes, c)),
        by(builtin(formula_binary, 4))
      )
    ])
  )
).

